[LEFT_WINDOWS]not[ENTER]
teste sacudo[ENTER]
[ENTER]
sinistro senha 123[ENTER]
maristaaa[CTRL]a[BACKSPACE]logbaladir[LEFT_WINDOWS]notas[ENTER]
teste minecraft[ENTER]
c418   -[SHIFT]. [SHIFT]sub[ALT][TAB][ALT][TAB]woofer [SHIFT]lullab[ALT][TAB][ALT][TAB]y[ENTER]
[ENTER]
[CTRL]s[ESC]logclark = top[ENTER]
moog city[ENTER]
mice on venus[ENTER]
wet hands[ENTER]
chris[ENTER]
thirteenlogremover espacos em branco antes de strijng[BACKSPACE][BACKSPACE][BACKSPACE]ng php[ENTER]
trima[CTRL][BACKSPACE][BACKSPACE][BACKSPACE][BACKSPACE][BACKSPACE]s[CTRL]+espero que ja[BACKSPACE][BACKSPACE]seja rapido ESMERALDAAAAAAA[SHIFT] digispark bala[CTRL]zz[CTRL][F5] [CTRL]atetseteasdjiasidunhauydhuiyahsyudha821812[ENTER]
[ENTER]
[ENTER]
[ENTER]
M[SHIFT] I NECRAFTR[SHIFT][ENTER]
[SHIFT][CAPS_LOCK]AUTHENTIC GAMSELOG[BACKSPACE][BACKSPACE][BACKSPACE][CAPS_LOCK]log[F5][CAPS_LOCK]IJHBIKHAJSBDNJBAOPIJASNDOIJMAIJSNBDNHJABHKDBSHKASBJNDKHBANSJSDA[ENTER]
SFDG[ENTER]
SFDGF[ENTER]
SDF[ENTER]
SDFG[ENTER]
GDF[ENTER]
G[ENTER]
DG[ENTER]
DF[ENTER]
GF[ENTER]
DG[ENTER]
D[ENTER]
G[ENTER]
DFGDG[ENTER]
DG[ENTER]
FD[ENTER]
G[ENTER]
DG[ENTER]
DG[ENTER]
F[ENTER]
DHG[ENTER]
D[ENTER]
G[ENTER]
DG[ENTER]
D[ENTER]
G[ENTER]
DG[ENTER]
D[ENTER]
G[ENTER]
DG[ENTER]
DG[ENTER]
[CTRL]A[BACKSPACE]IJSDGFS][ENTER]
F[ENTER]
SDF[ENTER]
DSF[ENTER]
DS[ENTER]
F[ENTER]
SF[ENTER]
SF[ENTER]
DS[ENTER]
F[ENTER]
GH[ENTER]
D[ENTER]
GHRE[ENTER]
DBG[ENTER]
FDGBFG[ENTER]
HT45RHG[ENTER]
DF[ENTER]
GERGER[ENTER]
GEG4E[ENTER]
TE[ENTER]
345T[ENTER]
354[ENTER]
T54YT[ENTER]
456Y[ENTER]
T54[ENTER]
T[ENTER]
45[ENTER]
6[ENTER]
45654[ENTER]
6[ENTER]
45[ENTER]
6[ENTER]
46[ENTER]
46[ENTER]
45[ENTER]
645[ENTER]
65[ENTER]
46[ENTER]
4[ENTER]
55[ENTER]
4564[ENTER]
5[ENTER]
654[ENTER]
6[ENTER]
45[CAPS_LOCK]log[CTRL][DELETE][CTRL]a[BACKSPACE][BACKSPACE][LEFT_WINDOWS]e[RIGHT][RIGHT][DELETE][DELETE][DELETE][DELETE]log[CTRL]vnote\[BACKSPACE][ENTER]
teste ao som de [TAB][TAB][TAB][TAB][TAB][ALT]moog city 2[BACKSPACE]12[BACKSPACE][BACKSPACE]21[SHIFT];20log